{
  "stats": {
    "suites": 1,
    "tests": 3,
    "passes": 3,
    "pending": 0,
    "failures": 0,
    "start": "2026-06-20T03:52:24.695Z",
    "end": "2026-06-20T03:52:24.719Z",
    "duration": 24,
    "testsRegistered": 3,
    "passPercent": 100,
    "pendingPercent": 0,
    "other": 0,
    "hasOther": false,
    "skipped": 0,
    "hasSkipped": false
  },
  "results": [
    {
      "uuid": "80300dca-731a-4ebc-9f0c-cea2f02f12aa",
      "title": "",
      "fullFile": "C:\\pagamentos\\test\\ServicoDePagamento.test.js",
      "file": "\\test\\ServicoDePagamento.test.js",
      "beforeHooks": [],
      "afterHooks": [],
      "tests": [],
      "suites": [
        {
          "uuid": "f48807db-de2f-459b-ba40-1c265e45a919",
          "title": "ServicoDePagamento",
          "fullFile": "C:\\pagamentos\\test\\ServicoDePagamento.test.js",
          "file": "\\test\\ServicoDePagamento.test.js",
          "beforeHooks": [],
          "afterHooks": [],
          "tests": [
            {
              "title": "deve armazenar pagamento com categoria cara quando valor for maior que 100",
              "fullTitle": "ServicoDePagamento deve armazenar pagamento com categoria cara quando valor for maior que 100",
              "timedOut": false,
              "duration": 3,
              "state": "passed",
              "speed": "fast",
              "pass": true,
              "fail": false,
              "pending": false,
              "context": null,
              "code": "const servico = new ServicoDePagamento();\nservico.pagar('0321-4521-9632', 'Samar', 153.42);\nconst ultimo = servico.consultarUltimoPagamento();\nassert.deepStrictEqual(ultimo, {\n  codigoBarras: '0321-4521-9632',\n  empresa: 'Samar',\n  valor: 153.42,\n  categoria: 'cara',\n});",
              "err": {},
              "uuid": "2c23b16d-0e8a-48ed-8622-dab862063caa",
              "parentUUID": "f48807db-de2f-459b-ba40-1c265e45a919",
              "isHook": false,
              "skipped": false
            },
            {
              "title": "deve armazenar pagamento com categoria padrão quando valor for menor ou igual a 100",
              "fullTitle": "ServicoDePagamento deve armazenar pagamento com categoria padrão quando valor for menor ou igual a 100",
              "timedOut": false,
              "duration": 0,
              "state": "passed",
              "speed": "fast",
              "pass": true,
              "fail": false,
              "pending": false,
              "context": null,
              "code": "const servico = new ServicoDePagamento();\nservico.pagar('1234-5678-9012', 'Loja X', 100.0);\nconst ultimo = servico.consultarUltimoPagamento();\nassert.deepStrictEqual(ultimo, {\n  codigoBarras: '1234-5678-9012',\n  empresa: 'Loja X',\n  valor: 100.0,\n  categoria: 'padrão',\n});",
              "err": {},
              "uuid": "3cf756a5-adbb-4e40-a9c1-2c30991230f0",
              "parentUUID": "f48807db-de2f-459b-ba40-1c265e45a919",
              "isHook": false,
              "skipped": false
            },
            {
              "title": "deve retornar somente o último pagamento registrado",
              "fullTitle": "ServicoDePagamento deve retornar somente o último pagamento registrado",
              "timedOut": false,
              "duration": 0,
              "state": "passed",
              "speed": "fast",
              "pass": true,
              "fail": false,
              "pending": false,
              "context": null,
              "code": "const servico = new ServicoDePagamento();\nservico.pagar('1111-2222-3333', 'A', 50.0);\nservico.pagar('4444-5555-6666', 'B', 200.0);\nconst ultimo = servico.consultarUltimoPagamento();\nassert.strictEqual(ultimo.codigoBarras, '4444-5555-6666');\nassert.strictEqual(ultimo.empresa, 'B');\nassert.strictEqual(ultimo.valor, 200.0);\nassert.strictEqual(ultimo.categoria, 'cara');",
              "err": {},
              "uuid": "6eea9ec0-8035-41c3-a318-3bafafa26fa8",
              "parentUUID": "f48807db-de2f-459b-ba40-1c265e45a919",
              "isHook": false,
              "skipped": false
            }
          ],
          "suites": [],
          "passes": [
            "2c23b16d-0e8a-48ed-8622-dab862063caa",
            "3cf756a5-adbb-4e40-a9c1-2c30991230f0",
            "6eea9ec0-8035-41c3-a318-3bafafa26fa8"
          ],
          "failures": [],
          "pending": [],
          "skipped": [],
          "duration": 3,
          "root": false,
          "rootEmpty": false,
          "_timeout": 2000
        }
      ],
      "passes": [],
      "failures": [],
      "pending": [],
      "skipped": [],
      "duration": 0,
      "root": true,
      "rootEmpty": true,
      "_timeout": 2000
    }
  ],
  "meta": {
    "mocha": {
      "version": "11.7.6"
    },
    "mochawesome": {
      "options": {
        "quiet": false,
        "reportFilename": "mochawesome",
        "saveHtml": true,
        "saveJson": true,
        "consoleReporter": "spec",
        "useInlineDiffs": false,
        "code": true
      },
      "version": "7.1.4"
    },
    "marge": {
      "options": null,
      "version": "6.3.2"
    }
  }
}