{
  "stats": {
    "suites": 1,
    "tests": 3,
    "passes": 3,
    "pending": 0,
    "failures": 0,
    "start": "2026-06-20T02:29:37.871Z",
    "end": "2026-06-20T02:29:37.897Z",
    "duration": 26,
    "testsRegistered": 3,
    "passPercent": 100,
    "pendingPercent": 0,
    "other": 0,
    "hasOther": false,
    "skipped": 0,
    "hasSkipped": false
  },
  "results": [
    {
      "uuid": "59a3b9b0-6f3d-4bbb-95b6-2e5781214c64",
      "title": "",
      "fullFile": "C:\\pagamentos\\test\\ServicoDePagamento.test.js",
      "file": "\\test\\ServicoDePagamento.test.js",
      "beforeHooks": [],
      "afterHooks": [],
      "tests": [],
      "suites": [
        {
          "uuid": "d294b4c6-db34-43e3-b37c-04a778af5889",
          "title": "ServicoDePagamento",
          "fullFile": "C:\\pagamentos\\test\\ServicoDePagamento.test.js",
          "file": "\\test\\ServicoDePagamento.test.js",
          "beforeHooks": [],
          "afterHooks": [],
          "tests": [
            {
              "title": "deve armazenar pagamento com categoria cara quando valor for maior que 100",
              "fullTitle": "ServicoDePagamento deve armazenar pagamento com categoria cara quando valor for maior que 100",
              "timedOut": false,
              "duration": 5,
              "state": "passed",
              "speed": "fast",
              "pass": true,
              "fail": false,
              "pending": false,
              "context": null,
              "code": "const servico = new ServicoDePagamento();\nservico.pagar('0321-4521-9632', 'Samar', 153.42);\nconst ultimo = servico.consultarUltimoPagamento();\nassert.deepStrictEqual(ultimo, {\n  codigoBarras: '0321-4521-9632',\n  empresa: 'Samar',\n  valor: 153.42,\n  categoria: 'cara',\n});",
              "err": {},
              "uuid": "5e719076-3537-4199-9b15-9a7e20b55029",
              "parentUUID": "d294b4c6-db34-43e3-b37c-04a778af5889",
              "isHook": false,
              "skipped": false
            },
            {
              "title": "deve armazenar pagamento com categoria padrão quando valor for menor ou igual a 100",
              "fullTitle": "ServicoDePagamento deve armazenar pagamento com categoria padrão quando valor for menor ou igual a 100",
              "timedOut": false,
              "duration": 0,
              "state": "passed",
              "speed": "fast",
              "pass": true,
              "fail": false,
              "pending": false,
              "context": null,
              "code": "const servico = new ServicoDePagamento();\nservico.pagar('1234-5678-9012', 'Loja X', 100.0);\nconst ultimo = servico.consultarUltimoPagamento();\nassert.deepStrictEqual(ultimo, {\n  codigoBarras: '1234-5678-9012',\n  empresa: 'Loja X',\n  valor: 100.0,\n  categoria: 'padrão',\n});",
              "err": {},
              "uuid": "84faf557-4690-4b84-a1d0-15d0a2c14437",
              "parentUUID": "d294b4c6-db34-43e3-b37c-04a778af5889",
              "isHook": false,
              "skipped": false
            },
            {
              "title": "deve retornar somente o último pagamento registrado",
              "fullTitle": "ServicoDePagamento deve retornar somente o último pagamento registrado",
              "timedOut": false,
              "duration": 1,
              "state": "passed",
              "speed": "fast",
              "pass": true,
              "fail": false,
              "pending": false,
              "context": null,
              "code": "const servico = new ServicoDePagamento();\nservico.pagar('1111-2222-3333', 'A', 50.0);\nservico.pagar('4444-5555-6666', 'B', 200.0);\nconst ultimo = servico.consultarUltimoPagamento();\nassert.strictEqual(ultimo.codigoBarras, '4444-5555-6666');\nassert.strictEqual(ultimo.empresa, 'B');\nassert.strictEqual(ultimo.valor, 200.0);\nassert.strictEqual(ultimo.categoria, 'cara');",
              "err": {},
              "uuid": "d90ce97d-8cfa-423d-ac06-9eb9649321c6",
              "parentUUID": "d294b4c6-db34-43e3-b37c-04a778af5889",
              "isHook": false,
              "skipped": false
            }
          ],
          "suites": [],
          "passes": [
            "5e719076-3537-4199-9b15-9a7e20b55029",
            "84faf557-4690-4b84-a1d0-15d0a2c14437",
            "d90ce97d-8cfa-423d-ac06-9eb9649321c6"
          ],
          "failures": [],
          "pending": [],
          "skipped": [],
          "duration": 6,
          "root": false,
          "rootEmpty": false,
          "_timeout": 2000
        }
      ],
      "passes": [],
      "failures": [],
      "pending": [],
      "skipped": [],
      "duration": 0,
      "root": true,
      "rootEmpty": true,
      "_timeout": 2000
    }
  ],
  "meta": {
    "mocha": {
      "version": "11.7.6"
    },
    "mochawesome": {
      "options": {
        "quiet": false,
        "reportFilename": "mochawesome",
        "saveHtml": true,
        "saveJson": true,
        "consoleReporter": "spec",
        "useInlineDiffs": false,
        "code": true
      },
      "version": "7.1.4"
    },
    "marge": {
      "options": null,
      "version": "6.3.2"
    }
  }
}